Determining if the pthread_create exist failed with the following output:
Change Dir: /home/dawid/robotic_arm/build/rosserial_embeddedlinux/CMakeFiles/CMakeTmp

Run Build Command:"/usr/bin/make" "cmTC_962f4/fast"
/usr/bin/make -f CMakeFiles/cmTC_962f4.dir/build.make CMakeFiles/cmTC_962f4.dir/build
make[1]: Entering directory '/home/dawid/robotic_arm/build/rosserial_embeddedlinux/CMakeFiles/CMakeTmp'
Building C object CMakeFiles/cmTC_962f4.dir/CheckSymbolExists.c.o
/usr/lib/ccache/cc    -o CMakeFiles/cmTC_962f4.dir/CheckSymbolExists.c.o   -c /home/dawid/robotic_arm/build/rosserial_embeddedlinux/CMakeFiles/CMakeTmp/CheckSymbolExists.c
Linking C executable cmTC_962f4
/usr/bin/cmake -E cmake_link_script CMakeFiles/cmTC_962f4.dir/link.txt --verbose=1
/usr/lib/ccache/cc      -rdynamic CMakeFiles/cmTC_962f4.dir/CheckSymbolExists.c.o  -o cmTC_962f4 
CMakeFiles/cmTC_962f4.dir/CheckSymbolExists.c.o: In function `main':
CheckSymbolExists.c:(.text+0x1b): undefined reference to `pthread_create'
collect2: error: ld returned 1 exit status
CMakeFiles/cmTC_962f4.dir/build.make:97: recipe for target 'cmTC_962f4' failed
make[1]: *** [cmTC_962f4] Error 1
make[1]: Leaving directory '/home/dawid/robotic_arm/build/rosserial_embeddedlinux/CMakeFiles/CMakeTmp'
Makefile:126: recipe for target 'cmTC_962f4/fast' failed
make: *** [cmTC_962f4/fast] Error 2

File /home/dawid/robotic_arm/build/rosserial_embeddedlinux/CMakeFiles/CMakeTmp/CheckSymbolExists.c:
/* */
#include <pthread.h>

int main(int argc, char** argv)
{
  (void)argv;
#ifndef pthread_create
  return ((int*)(&pthread_create))[argc];
#else
  (void)argc;
  return 0;
#endif
}

Determining if the function pthread_create exists in the pthreads failed with the following output:
Change Dir: /home/dawid/robotic_arm/build/rosserial_embeddedlinux/CMakeFiles/CMakeTmp

Run Build Command:"/usr/bin/make" "cmTC_51fb7/fast"
/usr/bin/make -f CMakeFiles/cmTC_51fb7.dir/build.make CMakeFiles/cmTC_51fb7.dir/build
make[1]: Entering directory '/home/dawid/robotic_arm/build/rosserial_embeddedlinux/CMakeFiles/CMakeTmp'
Building C object CMakeFiles/cmTC_51fb7.dir/CheckFunctionExists.c.o
/usr/lib/ccache/cc   -DCHECK_FUNCTION_EXISTS=pthread_create   -o CMakeFiles/cmTC_51fb7.dir/CheckFunctionExists.c.o   -c /usr/share/cmake-3.10/Modules/CheckFunctionExists.c
Linking C executable cmTC_51fb7
/usr/bin/cmake -E cmake_link_script CMakeFiles/cmTC_51fb7.dir/link.txt --verbose=1
/usr/lib/ccache/cc  -DCHECK_FUNCTION_EXISTS=pthread_create    -rdynamic CMakeFiles/cmTC_51fb7.dir/CheckFunctionExists.c.o  -o cmTC_51fb7 -lpthreads 
/usr/bin/ld: cannot find -lpthreads
collect2: error: ld returned 1 exit status
CMakeFiles/cmTC_51fb7.dir/build.make:97: recipe for target 'cmTC_51fb7' failed
make[1]: *** [cmTC_51fb7] Error 1
make[1]: Leaving directory '/home/dawid/robotic_arm/build/rosserial_embeddedlinux/CMakeFiles/CMakeTmp'
Makefile:126: recipe for target 'cmTC_51fb7/fast' failed
make: *** [cmTC_51fb7/fast] Error 2


