Determining if the pthread_create exist failed with the following output:
Change Dir: /home/dawid/robotic_arm/build/moveo_moveit_config/CMakeFiles/CMakeTmp

Run Build Command:"/usr/bin/make" "cmTC_40e4b/fast"
/usr/bin/make -f CMakeFiles/cmTC_40e4b.dir/build.make CMakeFiles/cmTC_40e4b.dir/build
make[1]: Entering directory '/home/dawid/robotic_arm/build/moveo_moveit_config/CMakeFiles/CMakeTmp'
Building C object CMakeFiles/cmTC_40e4b.dir/CheckSymbolExists.c.o
/usr/lib/ccache/cc    -o CMakeFiles/cmTC_40e4b.dir/CheckSymbolExists.c.o   -c /home/dawid/robotic_arm/build/moveo_moveit_config/CMakeFiles/CMakeTmp/CheckSymbolExists.c
Linking C executable cmTC_40e4b
/usr/bin/cmake -E cmake_link_script CMakeFiles/cmTC_40e4b.dir/link.txt --verbose=1
/usr/lib/ccache/cc      -rdynamic CMakeFiles/cmTC_40e4b.dir/CheckSymbolExists.c.o  -o cmTC_40e4b 
CMakeFiles/cmTC_40e4b.dir/CheckSymbolExists.c.o: In function `main':
CheckSymbolExists.c:(.text+0x1b): undefined reference to `pthread_create'
collect2: error: ld returned 1 exit status
CMakeFiles/cmTC_40e4b.dir/build.make:97: recipe for target 'cmTC_40e4b' failed
make[1]: *** [cmTC_40e4b] Error 1
make[1]: Leaving directory '/home/dawid/robotic_arm/build/moveo_moveit_config/CMakeFiles/CMakeTmp'
Makefile:126: recipe for target 'cmTC_40e4b/fast' failed
make: *** [cmTC_40e4b/fast] Error 2

File /home/dawid/robotic_arm/build/moveo_moveit_config/CMakeFiles/CMakeTmp/CheckSymbolExists.c:
/* */
#include <pthread.h>

int main(int argc, char** argv)
{
  (void)argv;
#ifndef pthread_create
  return ((int*)(&pthread_create))[argc];
#else
  (void)argc;
  return 0;
#endif
}

Determining if the function pthread_create exists in the pthreads failed with the following output:
Change Dir: /home/dawid/robotic_arm/build/moveo_moveit_config/CMakeFiles/CMakeTmp

Run Build Command:"/usr/bin/make" "cmTC_a1d21/fast"
/usr/bin/make -f CMakeFiles/cmTC_a1d21.dir/build.make CMakeFiles/cmTC_a1d21.dir/build
make[1]: Entering directory '/home/dawid/robotic_arm/build/moveo_moveit_config/CMakeFiles/CMakeTmp'
Building C object CMakeFiles/cmTC_a1d21.dir/CheckFunctionExists.c.o
/usr/lib/ccache/cc   -DCHECK_FUNCTION_EXISTS=pthread_create   -o CMakeFiles/cmTC_a1d21.dir/CheckFunctionExists.c.o   -c /usr/share/cmake-3.10/Modules/CheckFunctionExists.c
Linking C executable cmTC_a1d21
/usr/bin/cmake -E cmake_link_script CMakeFiles/cmTC_a1d21.dir/link.txt --verbose=1
/usr/lib/ccache/cc  -DCHECK_FUNCTION_EXISTS=pthread_create    -rdynamic CMakeFiles/cmTC_a1d21.dir/CheckFunctionExists.c.o  -o cmTC_a1d21 -lpthreads 
/usr/bin/ld: cannot find -lpthreads
collect2: error: ld returned 1 exit status
CMakeFiles/cmTC_a1d21.dir/build.make:97: recipe for target 'cmTC_a1d21' failed
make[1]: *** [cmTC_a1d21] Error 1
make[1]: Leaving directory '/home/dawid/robotic_arm/build/moveo_moveit_config/CMakeFiles/CMakeTmp'
Makefile:126: recipe for target 'cmTC_a1d21/fast' failed
make: *** [cmTC_a1d21/fast] Error 2


