Determining if the pthread_create exist failed with the following output:
Change Dir: /home/dawid/robotic_arm/build/rosserial_tivac/CMakeFiles/CMakeTmp

Run Build Command:"/usr/bin/make" "cmTC_fd3fd/fast"
/usr/bin/make -f CMakeFiles/cmTC_fd3fd.dir/build.make CMakeFiles/cmTC_fd3fd.dir/build
make[1]: Entering directory '/home/dawid/robotic_arm/build/rosserial_tivac/CMakeFiles/CMakeTmp'
Building C object CMakeFiles/cmTC_fd3fd.dir/CheckSymbolExists.c.o
/usr/lib/ccache/cc    -o CMakeFiles/cmTC_fd3fd.dir/CheckSymbolExists.c.o   -c /home/dawid/robotic_arm/build/rosserial_tivac/CMakeFiles/CMakeTmp/CheckSymbolExists.c
Linking C executable cmTC_fd3fd
/usr/bin/cmake -E cmake_link_script CMakeFiles/cmTC_fd3fd.dir/link.txt --verbose=1
/usr/lib/ccache/cc      -rdynamic CMakeFiles/cmTC_fd3fd.dir/CheckSymbolExists.c.o  -o cmTC_fd3fd 
CMakeFiles/cmTC_fd3fd.dir/CheckSymbolExists.c.o: In function `main':
CheckSymbolExists.c:(.text+0x1b): undefined reference to `pthread_create'
collect2: error: ld returned 1 exit status
CMakeFiles/cmTC_fd3fd.dir/build.make:97: recipe for target 'cmTC_fd3fd' failed
make[1]: *** [cmTC_fd3fd] Error 1
make[1]: Leaving directory '/home/dawid/robotic_arm/build/rosserial_tivac/CMakeFiles/CMakeTmp'
Makefile:126: recipe for target 'cmTC_fd3fd/fast' failed
make: *** [cmTC_fd3fd/fast] Error 2

File /home/dawid/robotic_arm/build/rosserial_tivac/CMakeFiles/CMakeTmp/CheckSymbolExists.c:
/* */
#include <pthread.h>

int main(int argc, char** argv)
{
  (void)argv;
#ifndef pthread_create
  return ((int*)(&pthread_create))[argc];
#else
  (void)argc;
  return 0;
#endif
}

Determining if the function pthread_create exists in the pthreads failed with the following output:
Change Dir: /home/dawid/robotic_arm/build/rosserial_tivac/CMakeFiles/CMakeTmp

Run Build Command:"/usr/bin/make" "cmTC_088c2/fast"
/usr/bin/make -f CMakeFiles/cmTC_088c2.dir/build.make CMakeFiles/cmTC_088c2.dir/build
make[1]: Entering directory '/home/dawid/robotic_arm/build/rosserial_tivac/CMakeFiles/CMakeTmp'
Building C object CMakeFiles/cmTC_088c2.dir/CheckFunctionExists.c.o
/usr/lib/ccache/cc   -DCHECK_FUNCTION_EXISTS=pthread_create   -o CMakeFiles/cmTC_088c2.dir/CheckFunctionExists.c.o   -c /usr/share/cmake-3.10/Modules/CheckFunctionExists.c
Linking C executable cmTC_088c2
/usr/bin/cmake -E cmake_link_script CMakeFiles/cmTC_088c2.dir/link.txt --verbose=1
/usr/lib/ccache/cc  -DCHECK_FUNCTION_EXISTS=pthread_create    -rdynamic CMakeFiles/cmTC_088c2.dir/CheckFunctionExists.c.o  -o cmTC_088c2 -lpthreads 
/usr/bin/ld: cannot find -lpthreads
collect2: error: ld returned 1 exit status
CMakeFiles/cmTC_088c2.dir/build.make:97: recipe for target 'cmTC_088c2' failed
make[1]: *** [cmTC_088c2] Error 1
make[1]: Leaving directory '/home/dawid/robotic_arm/build/rosserial_tivac/CMakeFiles/CMakeTmp'
Makefile:126: recipe for target 'cmTC_088c2/fast' failed
make: *** [cmTC_088c2/fast] Error 2


