Determining if the pthread_create exist failed with the following output:
Change Dir: /home/dawid/robotic_arm/build/rosserial_vex_cortex/CMakeFiles/CMakeTmp

Run Build Command:"/usr/bin/make" "cmTC_f184b/fast"
/usr/bin/make -f CMakeFiles/cmTC_f184b.dir/build.make CMakeFiles/cmTC_f184b.dir/build
make[1]: Entering directory '/home/dawid/robotic_arm/build/rosserial_vex_cortex/CMakeFiles/CMakeTmp'
Building C object CMakeFiles/cmTC_f184b.dir/CheckSymbolExists.c.o
/usr/lib/ccache/cc    -o CMakeFiles/cmTC_f184b.dir/CheckSymbolExists.c.o   -c /home/dawid/robotic_arm/build/rosserial_vex_cortex/CMakeFiles/CMakeTmp/CheckSymbolExists.c
Linking C executable cmTC_f184b
/usr/bin/cmake -E cmake_link_script CMakeFiles/cmTC_f184b.dir/link.txt --verbose=1
/usr/lib/ccache/cc      -rdynamic CMakeFiles/cmTC_f184b.dir/CheckSymbolExists.c.o  -o cmTC_f184b 
CMakeFiles/cmTC_f184b.dir/CheckSymbolExists.c.o: In function `main':
CheckSymbolExists.c:(.text+0x1b): undefined reference to `pthread_create'
collect2: error: ld returned 1 exit status
CMakeFiles/cmTC_f184b.dir/build.make:97: recipe for target 'cmTC_f184b' failed
make[1]: *** [cmTC_f184b] Error 1
make[1]: Leaving directory '/home/dawid/robotic_arm/build/rosserial_vex_cortex/CMakeFiles/CMakeTmp'
Makefile:126: recipe for target 'cmTC_f184b/fast' failed
make: *** [cmTC_f184b/fast] Error 2

File /home/dawid/robotic_arm/build/rosserial_vex_cortex/CMakeFiles/CMakeTmp/CheckSymbolExists.c:
/* */
#include <pthread.h>

int main(int argc, char** argv)
{
  (void)argv;
#ifndef pthread_create
  return ((int*)(&pthread_create))[argc];
#else
  (void)argc;
  return 0;
#endif
}

Determining if the function pthread_create exists in the pthreads failed with the following output:
Change Dir: /home/dawid/robotic_arm/build/rosserial_vex_cortex/CMakeFiles/CMakeTmp

Run Build Command:"/usr/bin/make" "cmTC_9551f/fast"
/usr/bin/make -f CMakeFiles/cmTC_9551f.dir/build.make CMakeFiles/cmTC_9551f.dir/build
make[1]: Entering directory '/home/dawid/robotic_arm/build/rosserial_vex_cortex/CMakeFiles/CMakeTmp'
Building C object CMakeFiles/cmTC_9551f.dir/CheckFunctionExists.c.o
/usr/lib/ccache/cc   -DCHECK_FUNCTION_EXISTS=pthread_create   -o CMakeFiles/cmTC_9551f.dir/CheckFunctionExists.c.o   -c /usr/share/cmake-3.10/Modules/CheckFunctionExists.c
Linking C executable cmTC_9551f
/usr/bin/cmake -E cmake_link_script CMakeFiles/cmTC_9551f.dir/link.txt --verbose=1
/usr/lib/ccache/cc  -DCHECK_FUNCTION_EXISTS=pthread_create    -rdynamic CMakeFiles/cmTC_9551f.dir/CheckFunctionExists.c.o  -o cmTC_9551f -lpthreads 
/usr/bin/ld: cannot find -lpthreads
collect2: error: ld returned 1 exit status
CMakeFiles/cmTC_9551f.dir/build.make:97: recipe for target 'cmTC_9551f' failed
make[1]: *** [cmTC_9551f] Error 1
make[1]: Leaving directory '/home/dawid/robotic_arm/build/rosserial_vex_cortex/CMakeFiles/CMakeTmp'
Makefile:126: recipe for target 'cmTC_9551f/fast' failed
make: *** [cmTC_9551f/fast] Error 2


