Determining if the pthread_create exist failed with the following output:
Change Dir: /home/dawid/robotic_arm/build/rosserial_chibios/CMakeFiles/CMakeTmp

Run Build Command:"/usr/bin/make" "cmTC_732dc/fast"
/usr/bin/make -f CMakeFiles/cmTC_732dc.dir/build.make CMakeFiles/cmTC_732dc.dir/build
make[1]: Entering directory '/home/dawid/robotic_arm/build/rosserial_chibios/CMakeFiles/CMakeTmp'
Building C object CMakeFiles/cmTC_732dc.dir/CheckSymbolExists.c.o
/usr/lib/ccache/cc    -o CMakeFiles/cmTC_732dc.dir/CheckSymbolExists.c.o   -c /home/dawid/robotic_arm/build/rosserial_chibios/CMakeFiles/CMakeTmp/CheckSymbolExists.c
Linking C executable cmTC_732dc
/usr/bin/cmake -E cmake_link_script CMakeFiles/cmTC_732dc.dir/link.txt --verbose=1
/usr/lib/ccache/cc      -rdynamic CMakeFiles/cmTC_732dc.dir/CheckSymbolExists.c.o  -o cmTC_732dc 
CMakeFiles/cmTC_732dc.dir/CheckSymbolExists.c.o: In function `main':
CheckSymbolExists.c:(.text+0x1b): undefined reference to `pthread_create'
collect2: error: ld returned 1 exit status
CMakeFiles/cmTC_732dc.dir/build.make:97: recipe for target 'cmTC_732dc' failed
make[1]: *** [cmTC_732dc] Error 1
make[1]: Leaving directory '/home/dawid/robotic_arm/build/rosserial_chibios/CMakeFiles/CMakeTmp'
Makefile:126: recipe for target 'cmTC_732dc/fast' failed
make: *** [cmTC_732dc/fast] Error 2

File /home/dawid/robotic_arm/build/rosserial_chibios/CMakeFiles/CMakeTmp/CheckSymbolExists.c:
/* */
#include <pthread.h>

int main(int argc, char** argv)
{
  (void)argv;
#ifndef pthread_create
  return ((int*)(&pthread_create))[argc];
#else
  (void)argc;
  return 0;
#endif
}

Determining if the function pthread_create exists in the pthreads failed with the following output:
Change Dir: /home/dawid/robotic_arm/build/rosserial_chibios/CMakeFiles/CMakeTmp

Run Build Command:"/usr/bin/make" "cmTC_e12eb/fast"
/usr/bin/make -f CMakeFiles/cmTC_e12eb.dir/build.make CMakeFiles/cmTC_e12eb.dir/build
make[1]: Entering directory '/home/dawid/robotic_arm/build/rosserial_chibios/CMakeFiles/CMakeTmp'
Building C object CMakeFiles/cmTC_e12eb.dir/CheckFunctionExists.c.o
/usr/lib/ccache/cc   -DCHECK_FUNCTION_EXISTS=pthread_create   -o CMakeFiles/cmTC_e12eb.dir/CheckFunctionExists.c.o   -c /usr/share/cmake-3.10/Modules/CheckFunctionExists.c
Linking C executable cmTC_e12eb
/usr/bin/cmake -E cmake_link_script CMakeFiles/cmTC_e12eb.dir/link.txt --verbose=1
/usr/lib/ccache/cc  -DCHECK_FUNCTION_EXISTS=pthread_create    -rdynamic CMakeFiles/cmTC_e12eb.dir/CheckFunctionExists.c.o  -o cmTC_e12eb -lpthreads 
/usr/bin/ld: cannot find -lpthreads
collect2: error: ld returned 1 exit status
CMakeFiles/cmTC_e12eb.dir/build.make:97: recipe for target 'cmTC_e12eb' failed
make[1]: *** [cmTC_e12eb] Error 1
make[1]: Leaving directory '/home/dawid/robotic_arm/build/rosserial_chibios/CMakeFiles/CMakeTmp'
Makefile:126: recipe for target 'cmTC_e12eb/fast' failed
make: *** [cmTC_e12eb/fast] Error 2


