Determining if the pthread_create exist failed with the following output:
Change Dir: /home/dawid/robotic_arm/build/rosserial_windows/CMakeFiles/CMakeTmp

Run Build Command:"/usr/bin/make" "cmTC_cf58c/fast"
/usr/bin/make -f CMakeFiles/cmTC_cf58c.dir/build.make CMakeFiles/cmTC_cf58c.dir/build
make[1]: Entering directory '/home/dawid/robotic_arm/build/rosserial_windows/CMakeFiles/CMakeTmp'
Building C object CMakeFiles/cmTC_cf58c.dir/CheckSymbolExists.c.o
/usr/lib/ccache/cc    -o CMakeFiles/cmTC_cf58c.dir/CheckSymbolExists.c.o   -c /home/dawid/robotic_arm/build/rosserial_windows/CMakeFiles/CMakeTmp/CheckSymbolExists.c
Linking C executable cmTC_cf58c
/usr/bin/cmake -E cmake_link_script CMakeFiles/cmTC_cf58c.dir/link.txt --verbose=1
/usr/lib/ccache/cc      -rdynamic CMakeFiles/cmTC_cf58c.dir/CheckSymbolExists.c.o  -o cmTC_cf58c 
CMakeFiles/cmTC_cf58c.dir/CheckSymbolExists.c.o: In function `main':
CheckSymbolExists.c:(.text+0x1b): undefined reference to `pthread_create'
collect2: error: ld returned 1 exit status
CMakeFiles/cmTC_cf58c.dir/build.make:97: recipe for target 'cmTC_cf58c' failed
make[1]: *** [cmTC_cf58c] Error 1
make[1]: Leaving directory '/home/dawid/robotic_arm/build/rosserial_windows/CMakeFiles/CMakeTmp'
Makefile:126: recipe for target 'cmTC_cf58c/fast' failed
make: *** [cmTC_cf58c/fast] Error 2

File /home/dawid/robotic_arm/build/rosserial_windows/CMakeFiles/CMakeTmp/CheckSymbolExists.c:
/* */
#include <pthread.h>

int main(int argc, char** argv)
{
  (void)argv;
#ifndef pthread_create
  return ((int*)(&pthread_create))[argc];
#else
  (void)argc;
  return 0;
#endif
}

Determining if the function pthread_create exists in the pthreads failed with the following output:
Change Dir: /home/dawid/robotic_arm/build/rosserial_windows/CMakeFiles/CMakeTmp

Run Build Command:"/usr/bin/make" "cmTC_4e6ac/fast"
/usr/bin/make -f CMakeFiles/cmTC_4e6ac.dir/build.make CMakeFiles/cmTC_4e6ac.dir/build
make[1]: Entering directory '/home/dawid/robotic_arm/build/rosserial_windows/CMakeFiles/CMakeTmp'
Building C object CMakeFiles/cmTC_4e6ac.dir/CheckFunctionExists.c.o
/usr/lib/ccache/cc   -DCHECK_FUNCTION_EXISTS=pthread_create   -o CMakeFiles/cmTC_4e6ac.dir/CheckFunctionExists.c.o   -c /usr/share/cmake-3.10/Modules/CheckFunctionExists.c
Linking C executable cmTC_4e6ac
/usr/bin/cmake -E cmake_link_script CMakeFiles/cmTC_4e6ac.dir/link.txt --verbose=1
/usr/lib/ccache/cc  -DCHECK_FUNCTION_EXISTS=pthread_create    -rdynamic CMakeFiles/cmTC_4e6ac.dir/CheckFunctionExists.c.o  -o cmTC_4e6ac -lpthreads 
/usr/bin/ld: cannot find -lpthreads
collect2: error: ld returned 1 exit status
CMakeFiles/cmTC_4e6ac.dir/build.make:97: recipe for target 'cmTC_4e6ac' failed
make[1]: *** [cmTC_4e6ac] Error 1
make[1]: Leaving directory '/home/dawid/robotic_arm/build/rosserial_windows/CMakeFiles/CMakeTmp'
Makefile:126: recipe for target 'cmTC_4e6ac/fast' failed
make: *** [cmTC_4e6ac/fast] Error 2


