Symlinking /home/dawid/robotic_arm/devel/include/moveo_moveit/ArmJointState.h
Symlinking /home/dawid/robotic_arm/devel/lib/python2.7/dist-packages/moveo_moveit/__init__.py
Symlinking /home/dawid/robotic_arm/devel/lib/python2.7/dist-packages/moveo_moveit/msg/__init__.py
Symlinking /home/dawid/robotic_arm/devel/lib/python2.7/dist-packages/moveo_moveit/msg/_ArmJointState.py
Symlinking /home/dawid/robotic_arm/devel/lib/moveo_moveit/move_group_1
Symlinking /home/dawid/robotic_arm/devel/lib/moveo_moveit/moveit_convert
Symlinking /home/dawid/robotic_arm/devel/lib/pkgconfig/moveo_moveit.pc
Symlinking /home/dawid/robotic_arm/devel/share/roseus/ros/moveo_moveit/manifest.l
Symlinking /home/dawid/robotic_arm/devel/share/roseus/ros/moveo_moveit/msg/ArmJointState.l
Symlinking /home/dawid/robotic_arm/devel/share/common-lisp/ros/moveo_moveit/msg/_package_ArmJointState.lisp
Symlinking /home/dawid/robotic_arm/devel/share/common-lisp/ros/moveo_moveit/msg/ArmJointState.lisp
Symlinking /home/dawid/robotic_arm/devel/share/common-lisp/ros/moveo_moveit/msg/moveo_moveit-msg.asd
Symlinking /home/dawid/robotic_arm/devel/share/common-lisp/ros/moveo_moveit/msg/_package.lisp
Symlinking /home/dawid/robotic_arm/devel/share/moveo_moveit/cmake/moveo_moveitConfig.cmake
Symlinking /home/dawid/robotic_arm/devel/share/moveo_moveit/cmake/moveo_moveit-msg-paths.cmake
Symlinking /home/dawid/robotic_arm/devel/share/moveo_moveit/cmake/moveo_moveitConfig-version.cmake
Symlinking /home/dawid/robotic_arm/devel/share/moveo_moveit/cmake/moveo_moveit-msg-extras.cmake
Symlinking /home/dawid/robotic_arm/devel/share/gennodejs/ros/moveo_moveit/_index.js
Symlinking /home/dawid/robotic_arm/devel/share/gennodejs/ros/moveo_moveit/msg/_index.js
Symlinking /home/dawid/robotic_arm/devel/share/gennodejs/ros/moveo_moveit/msg/ArmJointState.js
