[  0%] Built target sensor_msgs_generate_messages_lisp
[  0%] Built target std_msgs_generate_messages_lisp
[  0%] Built target sensor_msgs_generate_messages_nodejs
[  0%] Built target _moveo_moveit_generate_messages_check_deps_ArmJointState
[  0%] Built target std_msgs_generate_messages_nodejs
[  0%] Built target sensor_msgs_generate_messages_eus
[  0%] Built target std_msgs_generate_messages_eus
[  0%] Built target sensor_msgs_generate_messages_cpp
[  0%] Built target std_msgs_generate_messages_cpp
[  0%] Built target std_msgs_generate_messages_py
[35m[1mScanning dependencies of target move_group_1[0m
[  0%] Built target sensor_msgs_generate_messages_py
[  9%] Built target moveo_moveit_generate_messages_lisp
[ 36%] Built target moveo_moveit_generate_messages_nodejs
[ 36%] Built target moveo_moveit_generate_messages_eus
[ 45%] [32mBuilding CXX object CMakeFiles/move_group_1.dir/src/move_group_interface_coor_1.cpp.o[0m
[ 63%] Built target moveo_moveit_generate_messages_py
[ 72%] Built target moveo_moveit_generate_messages_cpp
[ 72%] Built target moveo_moveit_generate_messages
[ 90%] Built target moveit_convert
[100%] [32m[1mLinking CXX executable /home/dawid/robotic_arm/devel/.private/moveo_moveit/lib/moveo_moveit/move_group_1[0m
[100%] Built target move_group_1
