Determining if the pthread_create exist failed with the following output:
Change Dir: /home/dawid/robotic_arm/build/moveo_urdf/CMakeFiles/CMakeTmp

Run Build Command:"/usr/bin/make" "cmTC_b34ba/fast"
/usr/bin/make -f CMakeFiles/cmTC_b34ba.dir/build.make CMakeFiles/cmTC_b34ba.dir/build
make[1]: Entering directory '/home/dawid/robotic_arm/build/moveo_urdf/CMakeFiles/CMakeTmp'
Building C object CMakeFiles/cmTC_b34ba.dir/CheckSymbolExists.c.o
/usr/lib/ccache/cc    -o CMakeFiles/cmTC_b34ba.dir/CheckSymbolExists.c.o   -c /home/dawid/robotic_arm/build/moveo_urdf/CMakeFiles/CMakeTmp/CheckSymbolExists.c
Linking C executable cmTC_b34ba
/usr/bin/cmake -E cmake_link_script CMakeFiles/cmTC_b34ba.dir/link.txt --verbose=1
/usr/lib/ccache/cc      -rdynamic CMakeFiles/cmTC_b34ba.dir/CheckSymbolExists.c.o  -o cmTC_b34ba 
CMakeFiles/cmTC_b34ba.dir/CheckSymbolExists.c.o: In function `main':
CheckSymbolExists.c:(.text+0x1b): undefined reference to `pthread_create'
collect2: error: ld returned 1 exit status
CMakeFiles/cmTC_b34ba.dir/build.make:97: recipe for target 'cmTC_b34ba' failed
make[1]: *** [cmTC_b34ba] Error 1
make[1]: Leaving directory '/home/dawid/robotic_arm/build/moveo_urdf/CMakeFiles/CMakeTmp'
Makefile:126: recipe for target 'cmTC_b34ba/fast' failed
make: *** [cmTC_b34ba/fast] Error 2

File /home/dawid/robotic_arm/build/moveo_urdf/CMakeFiles/CMakeTmp/CheckSymbolExists.c:
/* */
#include <pthread.h>

int main(int argc, char** argv)
{
  (void)argv;
#ifndef pthread_create
  return ((int*)(&pthread_create))[argc];
#else
  (void)argc;
  return 0;
#endif
}

Determining if the function pthread_create exists in the pthreads failed with the following output:
Change Dir: /home/dawid/robotic_arm/build/moveo_urdf/CMakeFiles/CMakeTmp

Run Build Command:"/usr/bin/make" "cmTC_d6470/fast"
/usr/bin/make -f CMakeFiles/cmTC_d6470.dir/build.make CMakeFiles/cmTC_d6470.dir/build
make[1]: Entering directory '/home/dawid/robotic_arm/build/moveo_urdf/CMakeFiles/CMakeTmp'
Building C object CMakeFiles/cmTC_d6470.dir/CheckFunctionExists.c.o
/usr/lib/ccache/cc   -DCHECK_FUNCTION_EXISTS=pthread_create   -o CMakeFiles/cmTC_d6470.dir/CheckFunctionExists.c.o   -c /usr/share/cmake-3.10/Modules/CheckFunctionExists.c
Linking C executable cmTC_d6470
/usr/bin/cmake -E cmake_link_script CMakeFiles/cmTC_d6470.dir/link.txt --verbose=1
/usr/lib/ccache/cc  -DCHECK_FUNCTION_EXISTS=pthread_create    -rdynamic CMakeFiles/cmTC_d6470.dir/CheckFunctionExists.c.o  -o cmTC_d6470 -lpthreads 
/usr/bin/ld: cannot find -lpthreads
collect2: error: ld returned 1 exit status
CMakeFiles/cmTC_d6470.dir/build.make:97: recipe for target 'cmTC_d6470' failed
make[1]: *** [cmTC_d6470] Error 1
make[1]: Leaving directory '/home/dawid/robotic_arm/build/moveo_urdf/CMakeFiles/CMakeTmp'
Makefile:126: recipe for target 'cmTC_d6470/fast' failed
make: *** [cmTC_d6470/fast] Error 2


